Using pre-set license
Built from '2020.3/staging' branch; Version is '2020.3.11f1 (99c7afb366b3) revision 10078127'; Using compiler version '192528614'; Build Type 'Release'
OS: 'Windows 10 Enterprise LTSC 2019; OS build 17763.2183; Version 1809; 64bit' Language: 'en' Physical Memory: 8028 MB
BatchMode: 1, IsHumanControllingUs: 0, StartBugReporterOnCrash: 0, Is64bit: 1, IsPro: 0

 COMMAND LINE ARGUMENTS:
C:\Program Files\Unity\Hub\Editor\2020.3.11f1\Editor\Unity.exe
-adb2
-batchMode
-noUpm
-name
AssetImportWorker0
-projectPath
D:/GithubLocal/EndlessRunner_FlickGames/Flick_MenuUI
-logFile
Logs/AssetImportWorker0.log
-srvPort
57914
Successfully changed project path to: D:/GithubLocal/EndlessRunner_FlickGames/Flick_MenuUI
D:/GithubLocal/EndlessRunner_FlickGames/Flick_MenuUI
Using Asset Import Pipeline V2.
Refreshing native plugins compatible for Editor in 30.29 ms, found 2 plugins.
Preloading 0 native plugins for Editor in 0.00 ms.
Initialize engine version: 2020.3.11f1 (99c7afb366b3)
[Subsystems] Discovering subsystems at path C:/Program Files/Unity/Hub/Editor/2020.3.11f1/Editor/Data/Resources/UnitySubsystems
[Subsystems] Discovering subsystems at path D:/GithubLocal/EndlessRunner_FlickGames/Flick_MenuUI/Assets
GfxDevice: creating device client; threaded=0
Direct3D:
    Version:  Direct3D 11.0 [level 11.1]
    Renderer: NVIDIA GeForce GTX 1650 (ID=0x1f91)
    Vendor:   
    VRAM:     3962 MB
    Driver:   30.0.14.7196
Initialize mono
Mono path[0] = 'C:/Program Files/Unity/Hub/Editor/2020.3.11f1/Editor/Data/Managed'
Mono path[1] = 'C:/Program Files/Unity/Hub/Editor/2020.3.11f1/Editor/Data/MonoBleedingEdge/lib/mono/unityjit'
Mono config path = 'C:/Program Files/Unity/Hub/Editor/2020.3.11f1/Editor/Data/MonoBleedingEdge/etc'
Using monoOptions --debugger-agent=transport=dt_socket,embedding=1,server=y,suspend=n,address=127.0.0.1:56692
Begin MonoManager ReloadAssembly
Registering precompiled unity dll's ...
Register platform support module: C:/Program Files/Unity/Hub/Editor/2020.3.11f1/Editor/Data/PlaybackEngines/WindowsStandaloneSupport/UnityEditor.WindowsStandalone.Extensions.dll
Registered in 0.001144 seconds.
Native extension for WindowsStandalone target not found
Refreshing native plugins compatible for Editor in 32.73 ms, found 2 plugins.
Preloading 0 native plugins for Editor in 0.00 ms.
Mono: successfully reloaded assembly
- Completed reload, in  1.550 seconds
Platform modules already initialized, skipping
Registering precompiled user dll's ...
Registered in 0.002130 seconds.
Begin MonoManager ReloadAssembly
Native extension for WindowsStandalone target not found
Refreshing native plugins compatible for Editor in 0.32 ms, found 2 plugins.
Preloading 0 native plugins for Editor in 0.00 ms.
Mono: successfully reloaded assembly
- Completed reload, in  0.962 seconds
Platform modules already initialized, skipping
========================================================================
Worker process is ready to serve import requests
Launched and connected shader compiler UnityShaderCompiler.exe after 0.04 seconds
Refreshing native plugins compatible for Editor in 0.34 ms, found 2 plugins.
Preloading 0 native plugins for Editor in 0.00 ms.
Unloading 1397 Unused Serialized files (Serialized files now loaded: 0)
System memory in use before: 66.4 MB.
System memory in use after: 66.4 MB.

Unloading 19 unused Assets to reduce memory usage. Loaded Objects now: 1832.
Total: 1.879000 ms (FindLiveObjects: 0.125400 ms CreateObjectMapping: 0.037500 ms MarkObjects: 1.647200 ms  DeleteObjects: 0.068200 ms)

========================================================================
Received Import Request.
  path: Assets/Scripts/UI/FortuneWheelManager.cs
  artifactKey: Guid(45a8696ed5d14af46be9b59b35f91dfc) Importer(815301076,1909f56bfc062723c751e8b465ee728b)
Start importing Assets/Scripts/UI/FortuneWheelManager.cs using Guid(45a8696ed5d14af46be9b59b35f91dfc) Importer(815301076,1909f56bfc062723c751e8b465ee728b)  -> (artifact id: '360c372e81205b15b42ea33c4a660f57') in 0.029195 seconds
  Import took 0.044314 seconds .

========================================================================
Received Import Request.
  Time since last request: 0.000287 seconds.
  path: Assets/Scripts/UI/MenuManager.cs
  artifactKey: Guid(f0a9dfdc285f03a469f65d2dae917a62) Importer(815301076,1909f56bfc062723c751e8b465ee728b)
Start importing Assets/Scripts/UI/MenuManager.cs using Guid(f0a9dfdc285f03a469f65d2dae917a62) Importer(815301076,1909f56bfc062723c751e8b465ee728b)  -> (artifact id: 'fca932e9a4f571e115f4a89f434e8bb9') in 0.015761 seconds
  Import took 0.018502 seconds .

========================================================================
Received Prepare
Registering precompiled user dll's ...
Registered in 0.115055 seconds.
Begin MonoManager ReloadAssembly
Native extension for WindowsStandalone target not found
Refreshing native plugins compatible for Editor in 0.34 ms, found 2 plugins.
Preloading 0 native plugins for Editor in 0.00 ms.
Mono: successfully reloaded assembly
- Completed reload, in  0.943 seconds
Platform modules already initialized, skipping
Refreshing native plugins compatible for Editor in 0.38 ms, found 2 plugins.
Preloading 0 native plugins for Editor in 0.00 ms.
Unloading 1392 Unused Serialized files (Serialized files now loaded: 0)
System memory in use before: 66.3 MB.
System memory in use after: 66.4 MB.

Unloading 14 unused Assets to reduce memory usage. Loaded Objects now: 1835.
Total: 1.618700 ms (FindLiveObjects: 0.139300 ms CreateObjectMapping: 0.042600 ms MarkObjects: 1.390800 ms  DeleteObjects: 0.045200 ms)

========================================================================
Received Import Request.
  Time since last request: 494.842602 seconds.
  path: Assets/Scripts/Game/Jewel.cs
  artifactKey: Guid(f4d72203b30b9f74294c69b28613ebd8) Importer(815301076,1909f56bfc062723c751e8b465ee728b)
Start importing Assets/Scripts/Game/Jewel.cs using Guid(f4d72203b30b9f74294c69b28613ebd8) Importer(815301076,1909f56bfc062723c751e8b465ee728b)  -> (artifact id: '255988b8595b42f8fdd3a180df2f6e0f') in 0.012724 seconds
  Import took 0.031302 seconds .

========================================================================
Received Prepare
Registering precompiled user dll's ...
Registered in 0.002324 seconds.
Begin MonoManager ReloadAssembly
Native extension for WindowsStandalone target not found
Refreshing native plugins compatible for Editor in 0.44 ms, found 2 plugins.
Preloading 0 native plugins for Editor in 0.00 ms.
Mono: successfully reloaded assembly
- Completed reload, in  1.072 seconds
Platform modules already initialized, skipping
Refreshing native plugins compatible for Editor in 0.57 ms, found 2 plugins.
Preloading 0 native plugins for Editor in 0.00 ms.
Unloading 1393 Unused Serialized files (Serialized files now loaded: 0)
System memory in use before: 66.4 MB.
System memory in use after: 66.5 MB.

Unloading 14 unused Assets to reduce memory usage. Loaded Objects now: 1839.
Total: 2.587100 ms (FindLiveObjects: 0.280300 ms CreateObjectMapping: 0.093500 ms MarkObjects: 2.147500 ms  DeleteObjects: 0.063900 ms)

========================================================================
Received Prepare
Registering precompiled user dll's ...
Registered in 0.002333 seconds.
Begin MonoManager ReloadAssembly
Native extension for WindowsStandalone target not found
Refreshing native plugins compatible for Editor in 0.38 ms, found 2 plugins.
Preloading 0 native plugins for Editor in 0.00 ms.
Mono: successfully reloaded assembly
- Completed reload, in  0.877 seconds
Platform modules already initialized, skipping
Refreshing native plugins compatible for Editor in 0.62 ms, found 2 plugins.
Preloading 0 native plugins for Editor in 0.00 ms.
Unloading 1393 Unused Serialized files (Serialized files now loaded: 0)
System memory in use before: 66.4 MB.
System memory in use after: 66.5 MB.

Unloading 14 unused Assets to reduce memory usage. Loaded Objects now: 1842.
Total: 3.157500 ms (FindLiveObjects: 0.256100 ms CreateObjectMapping: 0.083800 ms MarkObjects: 2.763400 ms  DeleteObjects: 0.052500 ms)

========================================================================
Received Import Request.
  Time since last request: 169.748620 seconds.
  path: Assets/Scripts/Game/Jewel.cs
  artifactKey: Guid(f4d72203b30b9f74294c69b28613ebd8) Importer(815301076,1909f56bfc062723c751e8b465ee728b)
Start importing Assets/Scripts/Game/Jewel.cs using Guid(f4d72203b30b9f74294c69b28613ebd8) Importer(815301076,1909f56bfc062723c751e8b465ee728b)  -> (artifact id: '34ab7f6ac2ea9d05a4e8642458d585ae') in 0.007192 seconds
  Import took 0.099851 seconds .

========================================================================
Received Import Request.
  Time since last request: 5.419840 seconds.
  path: Assets/Prefabs/UI/Fortune Wheel Window.prefab
  artifactKey: Guid(b276f23bd0fe7c34dbd5073a78f3e2f2) Importer(815301076,1909f56bfc062723c751e8b465ee728b)
Start importing Assets/Prefabs/UI/Fortune Wheel Window.prefab using Guid(b276f23bd0fe7c34dbd5073a78f3e2f2) Importer(815301076,1909f56bfc062723c751e8b465ee728b)  -> (artifact id: 'e7c7f118b7601a97624d55c728f92db4') in 0.255012 seconds
  Import took 0.272533 seconds .

========================================================================
Received Import Request.
  Time since last request: 0.000305 seconds.
  path: Assets/Prefabs/UI/SpinWheel.prefab
  artifactKey: Guid(a734527e394067b418a18baf76670a85) Importer(815301076,1909f56bfc062723c751e8b465ee728b)
Start importing Assets/Prefabs/UI/SpinWheel.prefab using Guid(a734527e394067b418a18baf76670a85) Importer(815301076,1909f56bfc062723c751e8b465ee728b)  -> (artifact id: '6effd7f4fb7bf189081861f0e2d21991') in 0.011474 seconds
  Import took 0.039624 seconds .

========================================================================
Received Import Request.
  Time since last request: 0.000276 seconds.
  path: Assets/Prefabs/UI/Max Time.prefab
  artifactKey: Guid(d48b11365d156294c9c6b531ea5c554b) Importer(815301076,1909f56bfc062723c751e8b465ee728b)
Start importing Assets/Prefabs/UI/Max Time.prefab using Guid(d48b11365d156294c9c6b531ea5c554b) Importer(815301076,1909f56bfc062723c751e8b465ee728b)  -> (artifact id: 'd363f0486ddb27dcfdbc3aad02cc6a63') in 0.021394 seconds
  Import took 0.038338 seconds .

========================================================================
Received Import Request.
  Time since last request: 0.990295 seconds.
  path: Assets/Prefabs/Game/GroundTile.prefab
  artifactKey: Guid(b49be15e17021e34d9aa3cefdf2e01a5) Importer(815301076,1909f56bfc062723c751e8b465ee728b)
Start importing Assets/Prefabs/Game/GroundTile.prefab using Guid(b49be15e17021e34d9aa3cefdf2e01a5) Importer(815301076,1909f56bfc062723c751e8b465ee728b)  -> (artifact id: 'dcfde581f6afcfe61e32e3b98fcfe42f') in 0.477084 seconds
  Import took 0.480718 seconds .

========================================================================
Received Import Request.
  Time since last request: 90.138908 seconds.
  path: Assets/Materials/PINK 1.mat
  artifactKey: Guid(6e262127b65cf4d449a50f480d6ba9b4) Importer(815301076,1909f56bfc062723c751e8b465ee728b)
Start importing Assets/Materials/PINK 1.mat using Guid(6e262127b65cf4d449a50f480d6ba9b4) Importer(815301076,1909f56bfc062723c751e8b465ee728b)  -> (artifact id: 'f1ace2ba257801b4f21e98053a2b6c7c') in 0.046178 seconds
  Import took 0.078933 seconds .

========================================================================
Received Import Request.
  Time since last request: 0.000922 seconds.
  path: Assets/Materials/PINK 1.mat
  artifactKey: Guid(6e262127b65cf4d449a50f480d6ba9b4) Importer(815301076,1909f56bfc062723c751e8b465ee728b)
Start importing Assets/Materials/PINK 1.mat using Guid(6e262127b65cf4d449a50f480d6ba9b4) Importer(815301076,1909f56bfc062723c751e8b465ee728b)  -> (artifact id: 'f1ace2ba257801b4f21e98053a2b6c7c') in 0.014833 seconds
  Import took 0.017414 seconds .

========================================================================
Received Import Request.
  Time since last request: 119.998365 seconds.
  path: Assets/Prefabs/Game/Jewel.prefab
  artifactKey: Guid(75ba4e1801943a549b70da35e39b5611) Importer(815301076,1909f56bfc062723c751e8b465ee728b)
Start importing Assets/Prefabs/Game/Jewel.prefab using Guid(75ba4e1801943a549b70da35e39b5611) Importer(815301076,1909f56bfc062723c751e8b465ee728b)  -> (artifact id: '8c03231c3f5ea28cf7f0a00600617f75') in 0.013488 seconds
  Import took 0.034377 seconds .

========================================================================
Received Import Request.
  Time since last request: 7.572942 seconds.
  path: Assets/Prefabs/Game/GroundTile.prefab
  artifactKey: Guid(b49be15e17021e34d9aa3cefdf2e01a5) Importer(815301076,1909f56bfc062723c751e8b465ee728b)
Start importing Assets/Prefabs/Game/GroundTile.prefab using Guid(b49be15e17021e34d9aa3cefdf2e01a5) Importer(815301076,1909f56bfc062723c751e8b465ee728b)  -> (artifact id: '28e525834b19e1753d2f3c4cbc7933a5') in 0.008403 seconds
  Import took 0.104430 seconds .

========================================================================
Received Prepare
Registering precompiled user dll's ...
Registered in 0.002631 seconds.
Begin MonoManager ReloadAssembly
Native extension for WindowsStandalone target not found
Refreshing native plugins compatible for Editor in 0.37 ms, found 2 plugins.
Preloading 0 native plugins for Editor in 0.00 ms.
Mono: successfully reloaded assembly
- Completed reload, in  1.000 seconds
Platform modules already initialized, skipping
Refreshing native plugins compatible for Editor in 0.42 ms, found 2 plugins.
Preloading 0 native plugins for Editor in 0.00 ms.
Unloading 1393 Unused Serialized files (Serialized files now loaded: 0)
System memory in use before: 69.8 MB.
System memory in use after: 69.9 MB.

Unloading 17 unused Assets to reduce memory usage. Loaded Objects now: 1889.
Total: 2.293600 ms (FindLiveObjects: 0.169200 ms CreateObjectMapping: 0.054800 ms MarkObjects: 1.995200 ms  DeleteObjects: 0.073300 ms)

========================================================================
Received Prepare
Registering precompiled user dll's ...
Registered in 0.004092 seconds.
Begin MonoManager ReloadAssembly
Native extension for WindowsStandalone target not found
Refreshing native plugins compatible for Editor in 0.36 ms, found 2 plugins.
Preloading 0 native plugins for Editor in 0.00 ms.
Mono: successfully reloaded assembly
- Completed reload, in  0.936 seconds
Platform modules already initialized, skipping
Refreshing native plugins compatible for Editor in 0.41 ms, found 2 plugins.
Preloading 0 native plugins for Editor in 0.00 ms.
Unloading 1393 Unused Serialized files (Serialized files now loaded: 0)
System memory in use before: 69.8 MB.
System memory in use after: 69.9 MB.

Unloading 14 unused Assets to reduce memory usage. Loaded Objects now: 1892.
Total: 1.995200 ms (FindLiveObjects: 0.185000 ms CreateObjectMapping: 0.053500 ms MarkObjects: 1.709300 ms  DeleteObjects: 0.046600 ms)

========================================================================
Received Import Request.
  Time since last request: 167.667207 seconds.
  path: Assets/Prefabs/Game/Jewel.prefab
  artifactKey: Guid(75ba4e1801943a549b70da35e39b5611) Importer(815301076,1909f56bfc062723c751e8b465ee728b)
Start importing Assets/Prefabs/Game/Jewel.prefab using Guid(75ba4e1801943a549b70da35e39b5611) Importer(815301076,1909f56bfc062723c751e8b465ee728b)  -> (artifact id: '4ff3a789927827099d2d81335f7a164a') in 0.057020 seconds
  Import took 0.098899 seconds .

========================================================================
Received Prepare
Registering precompiled user dll's ...
Registered in 0.002613 seconds.
Begin MonoManager ReloadAssembly
Native extension for WindowsStandalone target not found
Refreshing native plugins compatible for Editor in 0.35 ms, found 2 plugins.
Preloading 0 native plugins for Editor in 0.00 ms.
Mono: successfully reloaded assembly
- Completed reload, in  0.993 seconds
Platform modules already initialized, skipping
Refreshing native plugins compatible for Editor in 0.38 ms, found 2 plugins.
Preloading 0 native plugins for Editor in 0.00 ms.
Unloading 1393 Unused Serialized files (Serialized files now loaded: 0)
System memory in use before: 69.9 MB.
System memory in use after: 69.9 MB.

Unloading 14 unused Assets to reduce memory usage. Loaded Objects now: 1896.
Total: 2.156800 ms (FindLiveObjects: 0.159600 ms CreateObjectMapping: 0.043900 ms MarkObjects: 1.904900 ms  DeleteObjects: 0.047600 ms)

========================================================================
Received Prepare
Registering precompiled user dll's ...
Registered in 0.003028 seconds.
Begin MonoManager ReloadAssembly
Native extension for WindowsStandalone target not found
Refreshing native plugins compatible for Editor in 0.41 ms, found 2 plugins.
Preloading 0 native plugins for Editor in 0.00 ms.
Mono: successfully reloaded assembly
- Completed reload, in  1.055 seconds
Platform modules already initialized, skipping
Refreshing native plugins compatible for Editor in 0.35 ms, found 2 plugins.
Preloading 0 native plugins for Editor in 0.00 ms.
Unloading 1393 Unused Serialized files (Serialized files now loaded: 0)
System memory in use before: 69.9 MB.
System memory in use after: 69.9 MB.

Unloading 14 unused Assets to reduce memory usage. Loaded Objects now: 1899.
Total: 1.629500 ms (FindLiveObjects: 0.136100 ms CreateObjectMapping: 0.044400 ms MarkObjects: 1.405600 ms  DeleteObjects: 0.042400 ms)

========================================================================
Received Import Request.
  Time since last request: 234.854822 seconds.
  path: Assets/Scripts/UI/MenuManager.cs
  artifactKey: Guid(f0a9dfdc285f03a469f65d2dae917a62) Importer(815301076,1909f56bfc062723c751e8b465ee728b)
Start importing Assets/Scripts/UI/MenuManager.cs using Guid(f0a9dfdc285f03a469f65d2dae917a62) Importer(815301076,1909f56bfc062723c751e8b465ee728b)  -> (artifact id: 'dfe71acd0a485ebf1039af450c686e21') in 0.008641 seconds
  Import took 0.232373 seconds .

========================================================================
Received Prepare
Registering precompiled user dll's ...
Registered in 0.002480 seconds.
Begin MonoManager ReloadAssembly
Native extension for WindowsStandalone target not found
Refreshing native plugins compatible for Editor in 0.33 ms, found 2 plugins.
Preloading 0 native plugins for Editor in 0.00 ms.
Mono: successfully reloaded assembly
- Completed reload, in  1.735 seconds
Platform modules already initialized, skipping
Refreshing native plugins compatible for Editor in 0.36 ms, found 2 plugins.
Preloading 0 native plugins for Editor in 0.00 ms.
Unloading 1393 Unused Serialized files (Serialized files now loaded: 0)
System memory in use before: 69.9 MB.
System memory in use after: 70.0 MB.

Unloading 14 unused Assets to reduce memory usage. Loaded Objects now: 1902.
Total: 1.637500 ms (FindLiveObjects: 0.130700 ms CreateObjectMapping: 0.040500 ms MarkObjects: 1.425100 ms  DeleteObjects: 0.040500 ms)

========================================================================
Received Prepare
Registering precompiled user dll's ...
Registered in 0.002411 seconds.
Begin MonoManager ReloadAssembly
Native extension for WindowsStandalone target not found
Refreshing native plugins compatible for Editor in 0.38 ms, found 2 plugins.
Preloading 0 native plugins for Editor in 0.00 ms.
Mono: successfully reloaded assembly
- Completed reload, in  1.031 seconds
Platform modules already initialized, skipping
Refreshing native plugins compatible for Editor in 0.38 ms, found 2 plugins.
Preloading 0 native plugins for Editor in 0.00 ms.
Unloading 1393 Unused Serialized files (Serialized files now loaded: 0)
System memory in use before: 69.9 MB.
System memory in use after: 70.0 MB.

Unloading 14 unused Assets to reduce memory usage. Loaded Objects now: 1905.
Total: 1.877100 ms (FindLiveObjects: 0.139100 ms CreateObjectMapping: 0.042400 ms MarkObjects: 1.649400 ms  DeleteObjects: 0.045500 ms)

========================================================================
Received Import Request.
  Time since last request: 548.827656 seconds.
  path: Assets/GUI Mobile Hyper-Casual/Sprites/Items PSD + PNG/Bag
  artifactKey: Guid(45e26bc01afe740e0b95429783dbd9cb) Importer(815301076,1909f56bfc062723c751e8b465ee728b)
Start importing Assets/GUI Mobile Hyper-Casual/Sprites/Items PSD + PNG/Bag using Guid(45e26bc01afe740e0b95429783dbd9cb) Importer(815301076,1909f56bfc062723c751e8b465ee728b)  -> (artifact id: 'ac40e8fdce1193f930adee50017f831e') in 0.011633 seconds
  Import took 0.014732 seconds .

========================================================================
Received Prepare
Registering precompiled user dll's ...
Registered in 0.003775 seconds.
Begin MonoManager ReloadAssembly
Native extension for WindowsStandalone target not found
Refreshing native plugins compatible for Editor in 0.34 ms, found 2 plugins.
Preloading 0 native plugins for Editor in 0.00 ms.
Mono: successfully reloaded assembly
- Completed reload, in  0.933 seconds
Platform modules already initialized, skipping
Refreshing native plugins compatible for Editor in 0.35 ms, found 2 plugins.
Preloading 0 native plugins for Editor in 0.00 ms.
Unloading 1393 Unused Serialized files (Serialized files now loaded: 0)
System memory in use before: 69.9 MB.
System memory in use after: 70.0 MB.

Unloading 14 unused Assets to reduce memory usage. Loaded Objects now: 1908.
Total: 1.711900 ms (FindLiveObjects: 0.138600 ms CreateObjectMapping: 0.038600 ms MarkObjects: 1.486300 ms  DeleteObjects: 0.047800 ms)

========================================================================
Received Import Request.
  Time since last request: 1411.515764 seconds.
  path: Assets/Scripts/UI/StoreManager.cs
  artifactKey: Guid(b5b9d1b1adfbf8b4ab4aeae26a3950bb) Importer(815301076,1909f56bfc062723c751e8b465ee728b)
Start importing Assets/Scripts/UI/StoreManager.cs using Guid(b5b9d1b1adfbf8b4ab4aeae26a3950bb) Importer(815301076,1909f56bfc062723c751e8b465ee728b)  -> (artifact id: '6d0e996c70647bf9edbf4c757c7f12d8') in 0.015126 seconds
  Import took 0.032905 seconds .

========================================================================
Received Import Request.
  Time since last request: 0.002841 seconds.
  path: Assets/Scripts/UI/StoreManager.cs
  artifactKey: Guid(b5b9d1b1adfbf8b4ab4aeae26a3950bb) Importer(815301076,1909f56bfc062723c751e8b465ee728b)
Start importing Assets/Scripts/UI/StoreManager.cs using Guid(b5b9d1b1adfbf8b4ab4aeae26a3950bb) Importer(815301076,1909f56bfc062723c751e8b465ee728b)  -> (artifact id: '6d0e996c70647bf9edbf4c757c7f12d8') in 0.004311 seconds
  Import took 0.008421 seconds .

========================================================================
Received Prepare
Registering precompiled user dll's ...
Registered in 0.002464 seconds.
Begin MonoManager ReloadAssembly
Native extension for WindowsStandalone target not found
Refreshing native plugins compatible for Editor in 0.35 ms, found 2 plugins.
Preloading 0 native plugins for Editor in 0.00 ms.
Mono: successfully reloaded assembly
- Completed reload, in  1.092 seconds
Platform modules already initialized, skipping
Refreshing native plugins compatible for Editor in 0.43 ms, found 2 plugins.
Preloading 0 native plugins for Editor in 0.00 ms.
Unloading 1394 Unused Serialized files (Serialized files now loaded: 0)
System memory in use before: 69.9 MB.
System memory in use after: 70.0 MB.

Unloading 14 unused Assets to reduce memory usage. Loaded Objects now: 1912.
Total: 1.878600 ms (FindLiveObjects: 0.141800 ms CreateObjectMapping: 0.036200 ms MarkObjects: 1.658200 ms  DeleteObjects: 0.041800 ms)

========================================================================
Received Import Request.
  Time since last request: 1073.158083 seconds.
  path: Assets/GUI Mobile Hyper-Casual/Sprites/Items PSD + PNG/Potion/Potion2
  artifactKey: Guid(ea0627c03b63740bb9141e8225894872) Importer(815301076,1909f56bfc062723c751e8b465ee728b)
Start importing Assets/GUI Mobile Hyper-Casual/Sprites/Items PSD + PNG/Potion/Potion2 using Guid(ea0627c03b63740bb9141e8225894872) Importer(815301076,1909f56bfc062723c751e8b465ee728b)  -> (artifact id: '8203289eee762af4d7b2b6c6d6fa5b12') in 0.013935 seconds
  Import took 0.340172 seconds .

========================================================================
Received Import Request.
  Time since last request: 508.005643 seconds.
  path: Assets/Scripts/Game/PlayerMovement.cs
  artifactKey: Guid(fc64e54889a2b0d4297c8c7eaf1b3dde) Importer(815301076,1909f56bfc062723c751e8b465ee728b)
Start importing Assets/Scripts/Game/PlayerMovement.cs using Guid(fc64e54889a2b0d4297c8c7eaf1b3dde) Importer(815301076,1909f56bfc062723c751e8b465ee728b)  -> (artifact id: '0a80b78d97617d6aa3266c773dffb77f') in 0.007074 seconds
  Import took 0.104104 seconds .

========================================================================
Received Prepare
Registering precompiled user dll's ...
Registered in 0.002655 seconds.
Begin MonoManager ReloadAssembly
Native extension for WindowsStandalone target not found
Refreshing native plugins compatible for Editor in 0.37 ms, found 2 plugins.
Preloading 0 native plugins for Editor in 0.00 ms.
Mono: successfully reloaded assembly
- Completed reload, in  0.997 seconds
Platform modules already initialized, skipping
Refreshing native plugins compatible for Editor in 0.41 ms, found 2 plugins.
Preloading 0 native plugins for Editor in 0.00 ms.
Unloading 1394 Unused Serialized files (Serialized files now loaded: 0)
System memory in use before: 69.9 MB.
System memory in use after: 70.0 MB.

Unloading 14 unused Assets to reduce memory usage. Loaded Objects now: 1915.
Total: 1.907400 ms (FindLiveObjects: 0.151600 ms CreateObjectMapping: 0.044700 ms MarkObjects: 1.646600 ms  DeleteObjects: 0.063500 ms)

========================================================================
Received Prepare
Registering precompiled user dll's ...
Registered in 0.002481 seconds.
Begin MonoManager ReloadAssembly
Native extension for WindowsStandalone target not found
Refreshing native plugins compatible for Editor in 0.38 ms, found 2 plugins.
Preloading 0 native plugins for Editor in 0.00 ms.
Mono: successfully reloaded assembly
- Completed reload, in  1.004 seconds
Platform modules already initialized, skipping
Refreshing native plugins compatible for Editor in 0.37 ms, found 2 plugins.
Preloading 0 native plugins for Editor in 0.00 ms.
Unloading 1394 Unused Serialized files (Serialized files now loaded: 0)
System memory in use before: 69.9 MB.
System memory in use after: 70.0 MB.

Unloading 14 unused Assets to reduce memory usage. Loaded Objects now: 1918.
Total: 1.792300 ms (FindLiveObjects: 0.156300 ms CreateObjectMapping: 0.037000 ms MarkObjects: 1.555000 ms  DeleteObjects: 0.043200 ms)

========================================================================
Received Prepare
Registering precompiled user dll's ...
Registered in 0.002235 seconds.
Begin MonoManager ReloadAssembly
Native extension for WindowsStandalone target not found
Refreshing native plugins compatible for Editor in 0.37 ms, found 2 plugins.
Preloading 0 native plugins for Editor in 0.00 ms.
Mono: successfully reloaded assembly
- Completed reload, in  1.056 seconds
Platform modules already initialized, skipping
Refreshing native plugins compatible for Editor in 0.35 ms, found 2 plugins.
Preloading 0 native plugins for Editor in 0.00 ms.
Unloading 1394 Unused Serialized files (Serialized files now loaded: 0)
System memory in use before: 69.9 MB.
System memory in use after: 70.0 MB.

Unloading 14 unused Assets to reduce memory usage. Loaded Objects now: 1921.
Total: 1.703400 ms (FindLiveObjects: 0.131200 ms CreateObjectMapping: 0.040300 ms MarkObjects: 1.490300 ms  DeleteObjects: 0.040700 ms)

========================================================================
Received Prepare
Registering precompiled user dll's ...
Registered in 0.002849 seconds.
Begin MonoManager ReloadAssembly
Native extension for WindowsStandalone target not found
Refreshing native plugins compatible for Editor in 0.45 ms, found 2 plugins.
Preloading 0 native plugins for Editor in 0.00 ms.
Mono: successfully reloaded assembly
- Completed reload, in  1.336 seconds
Platform modules already initialized, skipping
Refreshing native plugins compatible for Editor in 0.44 ms, found 2 plugins.
Preloading 0 native plugins for Editor in 0.00 ms.
Unloading 1394 Unused Serialized files (Serialized files now loaded: 0)
System memory in use before: 69.9 MB.
System memory in use after: 70.0 MB.

Unloading 14 unused Assets to reduce memory usage. Loaded Objects now: 1924.
Total: 2.323500 ms (FindLiveObjects: 0.203900 ms CreateObjectMapping: 0.053700 ms MarkObjects: 1.987400 ms  DeleteObjects: 0.073300 ms)

========================================================================
Received Prepare
Registering precompiled user dll's ...
Registered in 0.004063 seconds.
Begin MonoManager ReloadAssembly
Native extension for WindowsStandalone target not found
Refreshing native plugins compatible for Editor in 0.36 ms, found 2 plugins.
Preloading 0 native plugins for Editor in 0.00 ms.
Mono: successfully reloaded assembly
- Completed reload, in  1.086 seconds
Platform modules already initialized, skipping
Refreshing native plugins compatible for Editor in 0.44 ms, found 2 plugins.
Preloading 0 native plugins for Editor in 0.00 ms.
Unloading 1394 Unused Serialized files (Serialized files now loaded: 0)
System memory in use before: 69.9 MB.
System memory in use after: 70.0 MB.

Unloading 14 unused Assets to reduce memory usage. Loaded Objects now: 1927.
Total: 2.263300 ms (FindLiveObjects: 0.178700 ms CreateObjectMapping: 0.049800 ms MarkObjects: 1.980900 ms  DeleteObjects: 0.052800 ms)

========================================================================
Received Prepare
Registering precompiled user dll's ...
Registered in 0.003588 seconds.
Begin MonoManager ReloadAssembly
Native extension for WindowsStandalone target not found
Refreshing native plugins compatible for Editor in 0.38 ms, found 2 plugins.
Preloading 0 native plugins for Editor in 0.00 ms.
Mono: successfully reloaded assembly
- Completed reload, in  0.992 seconds
Platform modules already initialized, skipping
Refreshing native plugins compatible for Editor in 0.38 ms, found 2 plugins.
Preloading 0 native plugins for Editor in 0.00 ms.
Unloading 1394 Unused Serialized files (Serialized files now loaded: 0)
System memory in use before: 70.0 MB.
System memory in use after: 70.0 MB.

Unloading 14 unused Assets to reduce memory usage. Loaded Objects now: 1930.
Total: 1.950300 ms (FindLiveObjects: 0.162500 ms CreateObjectMapping: 0.050500 ms MarkObjects: 1.685500 ms  DeleteObjects: 0.050600 ms)

========================================================================
Received Prepare
Registering precompiled user dll's ...
Registered in 0.003711 seconds.
Begin MonoManager ReloadAssembly
Native extension for WindowsStandalone target not found
Refreshing native plugins compatible for Editor in 0.35 ms, found 2 plugins.
Preloading 0 native plugins for Editor in 0.00 ms.
Mono: successfully reloaded assembly
- Completed reload, in  0.999 seconds
Platform modules already initialized, skipping
Refreshing native plugins compatible for Editor in 0.34 ms, found 2 plugins.
Preloading 0 native plugins for Editor in 0.00 ms.
Unloading 1394 Unused Serialized files (Serialized files now loaded: 0)
System memory in use before: 70.0 MB.
System memory in use after: 70.0 MB.

Unloading 14 unused Assets to reduce memory usage. Loaded Objects now: 1933.
Total: 2.298600 ms (FindLiveObjects: 0.318200 ms CreateObjectMapping: 0.079200 ms MarkObjects: 1.817700 ms  DeleteObjects: 0.082600 ms)

========================================================================
Received Prepare
Registering precompiled user dll's ...
Registered in 0.002678 seconds.
Begin MonoManager ReloadAssembly
Native extension for WindowsStandalone target not found
Refreshing native plugins compatible for Editor in 0.41 ms, found 2 plugins.
Preloading 0 native plugins for Editor in 0.00 ms.
Mono: successfully reloaded assembly
- Completed reload, in  0.948 seconds
Platform modules already initialized, skipping
Refreshing native plugins compatible for Editor in 0.34 ms, found 2 plugins.
Preloading 0 native plugins for Editor in 0.00 ms.
Unloading 1394 Unused Serialized files (Serialized files now loaded: 0)
System memory in use before: 70.0 MB.
System memory in use after: 70.0 MB.

Unloading 14 unused Assets to reduce memory usage. Loaded Objects now: 1936.
Total: 1.972700 ms (FindLiveObjects: 0.153600 ms CreateObjectMapping: 0.037500 ms MarkObjects: 1.731600 ms  DeleteObjects: 0.049100 ms)

========================================================================
Received Prepare
Registering precompiled user dll's ...
Registered in 0.002736 seconds.
Begin MonoManager ReloadAssembly
Native extension for WindowsStandalone target not found
Refreshing native plugins compatible for Editor in 0.38 ms, found 2 plugins.
Preloading 0 native plugins for Editor in 0.00 ms.
Mono: successfully reloaded assembly
- Completed reload, in  0.962 seconds
Platform modules already initialized, skipping
Refreshing native plugins compatible for Editor in 0.36 ms, found 2 plugins.
Preloading 0 native plugins for Editor in 0.00 ms.
Unloading 1394 Unused Serialized files (Serialized files now loaded: 0)
System memory in use before: 70.0 MB.
System memory in use after: 70.1 MB.

Unloading 14 unused Assets to reduce memory usage. Loaded Objects now: 1939.
Total: 1.909500 ms (FindLiveObjects: 0.149000 ms CreateObjectMapping: 0.043100 ms MarkObjects: 1.669500 ms  DeleteObjects: 0.047100 ms)

========================================================================
Received Prepare
Registering precompiled user dll's ...
Registered in 0.003519 seconds.
Begin MonoManager ReloadAssembly
Native extension for WindowsStandalone target not found
Refreshing native plugins compatible for Editor in 0.37 ms, found 2 plugins.
Preloading 0 native plugins for Editor in 0.00 ms.
Mono: successfully reloaded assembly
- Completed reload, in  1.097 seconds
Platform modules already initialized, skipping
Refreshing native plugins compatible for Editor in 0.39 ms, found 2 plugins.
Preloading 0 native plugins for Editor in 0.00 ms.
Unloading 1394 Unused Serialized files (Serialized files now loaded: 0)
System memory in use before: 70.0 MB.
System memory in use after: 70.1 MB.

Unloading 14 unused Assets to reduce memory usage. Loaded Objects now: 1942.
Total: 2.466200 ms (FindLiveObjects: 0.182400 ms CreateObjectMapping: 0.052200 ms MarkObjects: 2.175000 ms  DeleteObjects: 0.055700 ms)

========================================================================
Received Prepare
Registering precompiled user dll's ...
Registered in 0.002677 seconds.
Begin MonoManager ReloadAssembly
Native extension for WindowsStandalone target not found
Refreshing native plugins compatible for Editor in 0.41 ms, found 2 plugins.
Preloading 0 native plugins for Editor in 0.00 ms.
Mono: successfully reloaded assembly
- Completed reload, in  1.094 seconds
Platform modules already initialized, skipping
Refreshing native plugins compatible for Editor in 0.41 ms, found 2 plugins.
Preloading 0 native plugins for Editor in 0.00 ms.
Unloading 1394 Unused Serialized files (Serialized files now loaded: 0)
System memory in use before: 70.0 MB.
System memory in use after: 70.1 MB.

Unloading 14 unused Assets to reduce memory usage. Loaded Objects now: 1945.
Total: 1.992300 ms (FindLiveObjects: 0.168600 ms CreateObjectMapping: 0.053000 ms MarkObjects: 1.719500 ms  DeleteObjects: 0.050200 ms)

========================================================================
Received Import Request.
  Time since last request: 1996.841991 seconds.
  path: Assets/Scripts/Game/GroundSpawner.cs
  artifactKey: Guid(8333bcf6cf304a04785ed9c50e0432d5) Importer(815301076,1909f56bfc062723c751e8b465ee728b)
Start importing Assets/Scripts/Game/GroundSpawner.cs using Guid(8333bcf6cf304a04785ed9c50e0432d5) Importer(815301076,1909f56bfc062723c751e8b465ee728b)  -> (artifact id: 'f8cfde19857e07b17654fb2d18b3bf26') in 0.168367 seconds
  Import took 0.618863 seconds .

========================================================================
Received Prepare
Registering precompiled user dll's ...
Registered in 0.004033 seconds.
Begin MonoManager ReloadAssembly
Native extension for WindowsStandalone target not found
Refreshing native plugins compatible for Editor in 0.43 ms, found 2 plugins.
Preloading 0 native plugins for Editor in 0.00 ms.
Mono: successfully reloaded assembly
- Completed reload, in  1.151 seconds
Platform modules already initialized, skipping
Refreshing native plugins compatible for Editor in 0.50 ms, found 2 plugins.
Preloading 0 native plugins for Editor in 0.00 ms.
Unloading 1394 Unused Serialized files (Serialized files now loaded: 0)
System memory in use before: 70.0 MB.
System memory in use after: 70.1 MB.

Unloading 14 unused Assets to reduce memory usage. Loaded Objects now: 1948.
Total: 2.250300 ms (FindLiveObjects: 0.196300 ms CreateObjectMapping: 0.060600 ms MarkObjects: 1.929000 ms  DeleteObjects: 0.063300 ms)

========================================================================
Received Prepare
Registering precompiled user dll's ...
Registered in 0.005662 seconds.
Begin MonoManager ReloadAssembly
Native extension for WindowsStandalone target not found
Refreshing native plugins compatible for Editor in 0.70 ms, found 2 plugins.
Preloading 0 native plugins for Editor in 0.00 ms.
Mono: successfully reloaded assembly
- Completed reload, in  1.841 seconds
Platform modules already initialized, skipping
Refreshing native plugins compatible for Editor in 0.84 ms, found 2 plugins.
Preloading 0 native plugins for Editor in 0.00 ms.
Unloading 1394 Unused Serialized files (Serialized files now loaded: 0)
System memory in use before: 70.0 MB.
System memory in use after: 70.1 MB.

Unloading 14 unused Assets to reduce memory usage. Loaded Objects now: 1951.
Total: 6.672900 ms (FindLiveObjects: 0.414200 ms CreateObjectMapping: 0.088300 ms MarkObjects: 6.074400 ms  DeleteObjects: 0.093000 ms)

========================================================================
Received Prepare
Registering precompiled user dll's ...
Registered in 0.002984 seconds.
Begin MonoManager ReloadAssembly
Native extension for WindowsStandalone target not found
Refreshing native plugins compatible for Editor in 0.53 ms, found 2 plugins.
Preloading 0 native plugins for Editor in 0.00 ms.
Mono: successfully reloaded assembly
- Completed reload, in  1.020 seconds
Platform modules already initialized, skipping
Refreshing native plugins compatible for Editor in 0.43 ms, found 2 plugins.
Preloading 0 native plugins for Editor in 0.00 ms.
Unloading 1394 Unused Serialized files (Serialized files now loaded: 0)
System memory in use before: 70.0 MB.
System memory in use after: 70.1 MB.

Unloading 14 unused Assets to reduce memory usage. Loaded Objects now: 1954.
Total: 2.323600 ms (FindLiveObjects: 0.182100 ms CreateObjectMapping: 0.062300 ms MarkObjects: 2.017900 ms  DeleteObjects: 0.060000 ms)

AssetImportWorkerClient::OnTransportError - code=2 error=End of file
