Using pre-set license
Built from '2020.3/staging' branch; Version is '2020.3.11f1 (99c7afb366b3) revision 10078127'; Using compiler version '192528614'; Build Type 'Release'
OS: 'Windows 10 Enterprise LTSC 2019; OS build 17763.2183; Version 1809; 64bit' Language: 'en' Physical Memory: 8028 MB
BatchMode: 1, IsHumanControllingUs: 0, StartBugReporterOnCrash: 0, Is64bit: 1, IsPro: 0

 COMMAND LINE ARGUMENTS:
C:\Program Files\Unity\Hub\Editor\2020.3.11f1\Editor\Unity.exe
-adb2
-batchMode
-noUpm
-name
AssetImportWorker0
-projectPath
D:/GithubLocal/EndlessRunner_FlickGames/Flick_MenuUI
-logFile
Logs/AssetImportWorker0.log
-srvPort
62194
Successfully changed project path to: D:/GithubLocal/EndlessRunner_FlickGames/Flick_MenuUI
D:/GithubLocal/EndlessRunner_FlickGames/Flick_MenuUI
Using Asset Import Pipeline V2.
Refreshing native plugins compatible for Editor in 39.12 ms, found 2 plugins.
Preloading 0 native plugins for Editor in 0.00 ms.
Initialize engine version: 2020.3.11f1 (99c7afb366b3)
[Subsystems] Discovering subsystems at path C:/Program Files/Unity/Hub/Editor/2020.3.11f1/Editor/Data/Resources/UnitySubsystems
[Subsystems] Discovering subsystems at path D:/GithubLocal/EndlessRunner_FlickGames/Flick_MenuUI/Assets
GfxDevice: creating device client; threaded=0
Direct3D:
    Version:  Direct3D 11.0 [level 11.1]
    Renderer: NVIDIA GeForce GTX 1650 (ID=0x1f91)
    Vendor:   
    VRAM:     3962 MB
    Driver:   30.0.14.7196
Initialize mono
Mono path[0] = 'C:/Program Files/Unity/Hub/Editor/2020.3.11f1/Editor/Data/Managed'
Mono path[1] = 'C:/Program Files/Unity/Hub/Editor/2020.3.11f1/Editor/Data/MonoBleedingEdge/lib/mono/unityjit'
Mono config path = 'C:/Program Files/Unity/Hub/Editor/2020.3.11f1/Editor/Data/MonoBleedingEdge/etc'
Using monoOptions --debugger-agent=transport=dt_socket,embedding=1,server=y,suspend=n,address=127.0.0.1:56976
Begin MonoManager ReloadAssembly
Registering precompiled unity dll's ...
Register platform support module: C:/Program Files/Unity/Hub/Editor/2020.3.11f1/Editor/Data/PlaybackEngines/WindowsStandaloneSupport/UnityEditor.WindowsStandalone.Extensions.dll
Registered in 0.001247 seconds.
Native extension for WindowsStandalone target not found
Refreshing native plugins compatible for Editor in 34.26 ms, found 2 plugins.
Preloading 0 native plugins for Editor in 0.00 ms.
Mono: successfully reloaded assembly
- Completed reload, in  1.984 seconds
Platform modules already initialized, skipping
Registering precompiled user dll's ...
Registered in 0.002688 seconds.
Begin MonoManager ReloadAssembly
Native extension for WindowsStandalone target not found
Refreshing native plugins compatible for Editor in 0.36 ms, found 2 plugins.
Preloading 0 native plugins for Editor in 0.00 ms.
Mono: successfully reloaded assembly
- Completed reload, in  1.023 seconds
Platform modules already initialized, skipping
========================================================================
Worker process is ready to serve import requests
Launched and connected shader compiler UnityShaderCompiler.exe after 0.05 seconds
Refreshing native plugins compatible for Editor in 0.41 ms, found 2 plugins.
Preloading 0 native plugins for Editor in 0.00 ms.
Unloading 1399 Unused Serialized files (Serialized files now loaded: 0)
System memory in use before: 66.4 MB.
System memory in use after: 66.5 MB.

Unloading 19 unused Assets to reduce memory usage. Loaded Objects now: 1834.
Total: 2.256100 ms (FindLiveObjects: 0.166000 ms CreateObjectMapping: 0.038000 ms MarkObjects: 1.944900 ms  DeleteObjects: 0.106500 ms)

========================================================================
Received Import Request.
  path: Assets/Scenes/Menu.unity
  artifactKey: Guid(6225ef468ce445e4789ae299c295e5cd) Importer(815301076,1909f56bfc062723c751e8b465ee728b)
Start importing Assets/Scenes/Menu.unity using Guid(6225ef468ce445e4789ae299c295e5cd) Importer(815301076,1909f56bfc062723c751e8b465ee728b)  -> (artifact id: '88552b234507b47a9174197998245c64') in 0.017843 seconds
  Import took 0.145274 seconds .

========================================================================
Received Import Request.
  Time since last request: 2.774596 seconds.
  path: Assets/Scenes/Game.unity
  artifactKey: Guid(f032e4c1263c88644aa128cd6971c3a9) Importer(815301076,1909f56bfc062723c751e8b465ee728b)
Start importing Assets/Scenes/Game.unity using Guid(f032e4c1263c88644aa128cd6971c3a9) Importer(815301076,1909f56bfc062723c751e8b465ee728b)  -> (artifact id: '03580c7e447c3b53de2681f4912201fc') in 0.008395 seconds
  Import took 0.098353 seconds .

========================================================================
Received Import Request.
  Time since last request: 21.289105 seconds.
  path: Assets/Scenes/GameOver.unity
  artifactKey: Guid(bfc8610b3cd18074d8551212f363971a) Importer(815301076,1909f56bfc062723c751e8b465ee728b)
Start importing Assets/Scenes/GameOver.unity using Guid(bfc8610b3cd18074d8551212f363971a) Importer(815301076,1909f56bfc062723c751e8b465ee728b)  -> (artifact id: '98d94f98ff2f2240673d88aefad1f1a0') in 0.010551 seconds
  Import took 0.027928 seconds .

========================================================================
Received Import Request.
  Time since last request: 315.623548 seconds.
  path: Assets/Prefabs/UI/GameOver.prefab
  artifactKey: Guid(29f1970c71563b4429defa1f7eacdefa) Importer(815301076,1909f56bfc062723c751e8b465ee728b)
Start importing Assets/Prefabs/UI/GameOver.prefab using Guid(29f1970c71563b4429defa1f7eacdefa) Importer(815301076,1909f56bfc062723c751e8b465ee728b)  -> (artifact id: 'c6f8eb6e8d439d6113be6008a54e7505') in 0.060424 seconds
  Import took 0.078506 seconds .

========================================================================
Received Prepare
Registering precompiled user dll's ...
Registered in 0.003907 seconds.
Begin MonoManager ReloadAssembly
Native extension for WindowsStandalone target not found
Refreshing native plugins compatible for Editor in 0.41 ms, found 2 plugins.
Preloading 0 native plugins for Editor in 0.00 ms.
Mono: successfully reloaded assembly
- Completed reload, in  1.428 seconds
Platform modules already initialized, skipping
Refreshing native plugins compatible for Editor in 0.46 ms, found 2 plugins.
Preloading 0 native plugins for Editor in 0.00 ms.
Unloading 1394 Unused Serialized files (Serialized files now loaded: 0)
System memory in use before: 66.5 MB.
System memory in use after: 66.5 MB.

Unloading 14 unused Assets to reduce memory usage. Loaded Objects now: 1839.
Total: 3.130300 ms (FindLiveObjects: 0.157100 ms CreateObjectMapping: 0.053500 ms MarkObjects: 2.837300 ms  DeleteObjects: 0.081300 ms)

========================================================================
Received Prepare
Registering precompiled user dll's ...
Registered in 0.003250 seconds.
Begin MonoManager ReloadAssembly
Native extension for WindowsStandalone target not found
Refreshing native plugins compatible for Editor in 0.45 ms, found 2 plugins.
Preloading 0 native plugins for Editor in 0.00 ms.
Mono: successfully reloaded assembly
- Completed reload, in  1.351 seconds
Platform modules already initialized, skipping
Refreshing native plugins compatible for Editor in 0.45 ms, found 2 plugins.
Preloading 0 native plugins for Editor in 0.00 ms.
Unloading 1394 Unused Serialized files (Serialized files now loaded: 0)
System memory in use before: 66.5 MB.
System memory in use after: 66.6 MB.

Unloading 14 unused Assets to reduce memory usage. Loaded Objects now: 1842.
Total: 2.682300 ms (FindLiveObjects: 0.253200 ms CreateObjectMapping: 0.068100 ms MarkObjects: 2.285500 ms  DeleteObjects: 0.073700 ms)

========================================================================
Received Prepare
Registering precompiled user dll's ...
Registered in 0.004266 seconds.
Begin MonoManager ReloadAssembly
Native extension for WindowsStandalone target not found
Refreshing native plugins compatible for Editor in 0.75 ms, found 2 plugins.
Preloading 0 native plugins for Editor in 0.00 ms.
Mono: successfully reloaded assembly
- Completed reload, in  1.569 seconds
Platform modules already initialized, skipping
Refreshing native plugins compatible for Editor in 0.41 ms, found 2 plugins.
Preloading 0 native plugins for Editor in 0.00 ms.
Unloading 1394 Unused Serialized files (Serialized files now loaded: 0)
System memory in use before: 66.5 MB.
System memory in use after: 66.6 MB.

Unloading 14 unused Assets to reduce memory usage. Loaded Objects now: 1845.
Total: 2.108100 ms (FindLiveObjects: 0.150600 ms CreateObjectMapping: 0.051400 ms MarkObjects: 1.849600 ms  DeleteObjects: 0.055400 ms)

========================================================================
Received Prepare
Registering precompiled user dll's ...
Registered in 0.168898 seconds.
Begin MonoManager ReloadAssembly
Native extension for WindowsStandalone target not found
Refreshing native plugins compatible for Editor in 0.61 ms, found 2 plugins.
Preloading 0 native plugins for Editor in 0.00 ms.
Mono: successfully reloaded assembly
- Completed reload, in  2.231 seconds
Platform modules already initialized, skipping
Refreshing native plugins compatible for Editor in 1.06 ms, found 2 plugins.
Preloading 0 native plugins for Editor in 0.00 ms.
Unloading 1394 Unused Serialized files (Serialized files now loaded: 0)
System memory in use before: 66.5 MB.
System memory in use after: 66.6 MB.

Unloading 14 unused Assets to reduce memory usage. Loaded Objects now: 1848.
Total: 4.293900 ms (FindLiveObjects: 0.261200 ms CreateObjectMapping: 0.096900 ms MarkObjects: 3.805400 ms  DeleteObjects: 0.127800 ms)

========================================================================
Received Prepare
Registering precompiled user dll's ...
Registered in 0.005364 seconds.
Begin MonoManager ReloadAssembly
Native extension for WindowsStandalone target not found
Refreshing native plugins compatible for Editor in 0.39 ms, found 2 plugins.
Preloading 0 native plugins for Editor in 0.00 ms.
Mono: successfully reloaded assembly
- Completed reload, in  1.432 seconds
Platform modules already initialized, skipping
Refreshing native plugins compatible for Editor in 0.51 ms, found 2 plugins.
Preloading 0 native plugins for Editor in 0.00 ms.
Unloading 1394 Unused Serialized files (Serialized files now loaded: 0)
System memory in use before: 66.5 MB.
System memory in use after: 66.6 MB.

Unloading 14 unused Assets to reduce memory usage. Loaded Objects now: 1851.
Total: 2.763600 ms (FindLiveObjects: 0.190700 ms CreateObjectMapping: 0.072900 ms MarkObjects: 2.424500 ms  DeleteObjects: 0.073200 ms)

========================================================================
Received Prepare
Registering precompiled user dll's ...
Registered in 0.003084 seconds.
Begin MonoManager ReloadAssembly
Native extension for WindowsStandalone target not found
Refreshing native plugins compatible for Editor in 0.38 ms, found 2 plugins.
Preloading 0 native plugins for Editor in 0.00 ms.
Mono: successfully reloaded assembly
- Completed reload, in  1.561 seconds
Platform modules already initialized, skipping
Refreshing native plugins compatible for Editor in 0.54 ms, found 2 plugins.
Preloading 0 native plugins for Editor in 0.00 ms.
Unloading 1394 Unused Serialized files (Serialized files now loaded: 0)
System memory in use before: 66.5 MB.
System memory in use after: 66.6 MB.

Unloading 14 unused Assets to reduce memory usage. Loaded Objects now: 1854.
Total: 2.808600 ms (FindLiveObjects: 0.345900 ms CreateObjectMapping: 0.097200 ms MarkObjects: 2.292000 ms  DeleteObjects: 0.071800 ms)

========================================================================
Received Prepare
Registering precompiled user dll's ...
Registered in 0.003006 seconds.
Begin MonoManager ReloadAssembly
Native extension for WindowsStandalone target not found
Refreshing native plugins compatible for Editor in 0.47 ms, found 2 plugins.
Preloading 0 native plugins for Editor in 0.00 ms.
Mono: successfully reloaded assembly
- Completed reload, in  1.251 seconds
Platform modules already initialized, skipping
Refreshing native plugins compatible for Editor in 0.53 ms, found 2 plugins.
Preloading 0 native plugins for Editor in 0.00 ms.
Unloading 1394 Unused Serialized files (Serialized files now loaded: 0)
System memory in use before: 66.5 MB.
System memory in use after: 66.6 MB.

Unloading 14 unused Assets to reduce memory usage. Loaded Objects now: 1857.
Total: 2.664400 ms (FindLiveObjects: 0.183900 ms CreateObjectMapping: 0.059700 ms MarkObjects: 2.348600 ms  DeleteObjects: 0.070800 ms)

========================================================================
Received Prepare
Registering precompiled user dll's ...
Registered in 0.003184 seconds.
Begin MonoManager ReloadAssembly
Native extension for WindowsStandalone target not found
Refreshing native plugins compatible for Editor in 0.87 ms, found 2 plugins.
Preloading 0 native plugins for Editor in 0.00 ms.
Mono: successfully reloaded assembly
- Completed reload, in  1.613 seconds
Platform modules already initialized, skipping
Refreshing native plugins compatible for Editor in 0.55 ms, found 2 plugins.
Preloading 0 native plugins for Editor in 0.00 ms.
Unloading 1395 Unused Serialized files (Serialized files now loaded: 0)
System memory in use before: 66.6 MB.
System memory in use after: 66.7 MB.

Unloading 14 unused Assets to reduce memory usage. Loaded Objects now: 1861.
Total: 3.313800 ms (FindLiveObjects: 0.197100 ms CreateObjectMapping: 0.062200 ms MarkObjects: 2.962900 ms  DeleteObjects: 0.090100 ms)

========================================================================
Received Import Request.
  Time since last request: 3571.086401 seconds.
  path: Assets/Scripts/UI/Objectives.cs
  artifactKey: Guid(6614a9d6988da7d49b0222f1e0cfcb01) Importer(815301076,1909f56bfc062723c751e8b465ee728b)
Start importing Assets/Scripts/UI/Objectives.cs using Guid(6614a9d6988da7d49b0222f1e0cfcb01) Importer(815301076,1909f56bfc062723c751e8b465ee728b)  -> (artifact id: '73215619d5a5ddf443585f5f3da23508') in 0.023561 seconds
  Import took 0.112875 seconds .

========================================================================
Received Prepare
Registering precompiled user dll's ...
Registered in 0.006254 seconds.
Begin MonoManager ReloadAssembly
Native extension for WindowsStandalone target not found
Refreshing native plugins compatible for Editor in 0.84 ms, found 2 plugins.
Preloading 0 native plugins for Editor in 0.00 ms.
Mono: successfully reloaded assembly
- Completed reload, in  1.521 seconds
Platform modules already initialized, skipping
Refreshing native plugins compatible for Editor in 0.88 ms, found 2 plugins.
Preloading 0 native plugins for Editor in 0.00 ms.
Unloading 1395 Unused Serialized files (Serialized files now loaded: 0)
System memory in use before: 66.6 MB.
System memory in use after: 66.7 MB.

Unloading 14 unused Assets to reduce memory usage. Loaded Objects now: 1864.
Total: 2.828200 ms (FindLiveObjects: 0.243500 ms CreateObjectMapping: 0.097500 ms MarkObjects: 2.415500 ms  DeleteObjects: 0.070300 ms)

========================================================================
Received Prepare
Registering precompiled user dll's ...
Registered in 0.007668 seconds.
Begin MonoManager ReloadAssembly
Native extension for WindowsStandalone target not found
Refreshing native plugins compatible for Editor in 0.42 ms, found 2 plugins.
Preloading 0 native plugins for Editor in 0.00 ms.
Mono: successfully reloaded assembly
- Completed reload, in  1.477 seconds
Platform modules already initialized, skipping
Refreshing native plugins compatible for Editor in 0.51 ms, found 2 plugins.
Preloading 0 native plugins for Editor in 0.00 ms.
Unloading 1395 Unused Serialized files (Serialized files now loaded: 0)
System memory in use before: 66.6 MB.
System memory in use after: 66.7 MB.

Unloading 14 unused Assets to reduce memory usage. Loaded Objects now: 1867.
Total: 2.698600 ms (FindLiveObjects: 0.353500 ms CreateObjectMapping: 0.109900 ms MarkObjects: 2.169000 ms  DeleteObjects: 0.064400 ms)

========================================================================
Received Prepare
Registering precompiled user dll's ...
Registered in 0.003135 seconds.
Begin MonoManager ReloadAssembly
Native extension for WindowsStandalone target not found
Refreshing native plugins compatible for Editor in 0.65 ms, found 2 plugins.
Preloading 0 native plugins for Editor in 0.00 ms.
Mono: successfully reloaded assembly
- Completed reload, in  1.347 seconds
Platform modules already initialized, skipping
Refreshing native plugins compatible for Editor in 0.50 ms, found 2 plugins.
Preloading 0 native plugins for Editor in 0.00 ms.
Unloading 1395 Unused Serialized files (Serialized files now loaded: 0)
System memory in use before: 66.6 MB.
System memory in use after: 66.7 MB.

Unloading 14 unused Assets to reduce memory usage. Loaded Objects now: 1870.
Total: 2.365300 ms (FindLiveObjects: 0.163500 ms CreateObjectMapping: 0.052800 ms MarkObjects: 2.092100 ms  DeleteObjects: 0.055800 ms)

